<?xml version="1.0" encoding="UTF-8"?>
<!-- Generated by org.testng.reporters.JUnitXMLReporter -->
<testsuite ignored="0" hostname="IN-WKS-100" failures="0" tests="8" name="Default test" time="15.144" errors="0" timestamp="2020-01-09T19:07:00 IST">
  <testcase classname="com.api.qa.pages.RouterAPI" name="login_Post" time="2.28"/>
  <testcase classname="com.api.qa.pages.RouterAPI" name="createContest_POST" time="1.508"/>
  <testcase classname="com.api.qa.pages.RouterAPI" name="contestDetails_GET" time="1.431"/>
  <testcase classname="com.api.qa.pages.RouterAPI" name="updateContest_PUT" time="1.459"/>
  <testcase classname="com.api.qa.pages.RouterAPI" name="addGameToContest_POST" time="1.475"/>
  <testcase classname="com.api.qa.pages.RouterAPI" name="updateGameToContest_PUT" time="1.635"/>
  <testcase classname="com.api.qa.pages.RouterAPI" name="addAssignment_POST" time="1.629"/>
  <testcase classname="com.api.qa.pages.RouterAPI" name="publish_POST" time="3.335"/>
</testsuite> <!-- Default test -->
