<?xml version="1.0" encoding="UTF-8"?>
<!-- Generated by org.testng.reporters.JUnitXMLReporter -->
<testsuite ignored="0" hostname="IN-WKS-100" failures="0" tests="8" name="Default test" time="17.208" errors="0" timestamp="2020-01-09T20:03:04 IST">
  <testcase classname="com.api.qa.pages.RouterAPI" name="login_Post" time="2.24"/>
  <testcase classname="com.api.qa.pages.RouterAPI" name="createContest_POST" time="1.572"/>
  <testcase classname="com.api.qa.pages.RouterAPI" name="contestDetails_GET" time="1.593"/>
  <testcase classname="com.api.qa.pages.RouterAPI" name="updateContest_PUT" time="1.493"/>
  <testcase classname="com.api.qa.pages.RouterAPI" name="addGameToContest_POST" time="1.627"/>
  <testcase classname="com.api.qa.pages.RouterAPI" name="updateGameToContest_PUT" time="1.496"/>
  <testcase classname="com.api.qa.pages.RouterAPI" name="addAssignment_POST" time="1.498"/>
  <testcase classname="com.api.qa.pages.RouterAPI" name="publish_POST" time="5.303"/>
</testsuite> <!-- Default test -->
