<?xml version="1.0" encoding="UTF-8"?>
<testng-results ignored="0" total="10" passed="10" failed="0" skipped="0">
  <reporter-output>
  </reporter-output>
  <suite started-at="2020-02-10T19:16:29 IST" name="TestNG" finished-at="2020-02-10T19:16:49 IST" duration-ms="19568">
    <groups>
    </groups>
    <test started-at="2020-02-10T19:16:29 IST" name="Tests" finished-at="2020-02-10T19:16:49 IST" duration-ms="19568">
      <class name="com.api.qa.pages.RouterAPI">
        <test-method is-config="true" signature="setup1()[pri:0, instance:com.api.qa.pages.RouterAPI@11a9e7c8]" started-at="2020-02-10T19:16:29 IST" name="setup1" finished-at="2020-02-10T19:16:29 IST" duration-ms="44" status="PASS">
          <reporter-output>
          </reporter-output>
        </test-method> <!-- setup1 -->
        <test-method is-config="true" signature="setup()[pri:0, instance:com.api.qa.pages.RouterAPI@11a9e7c8]" started-at="2020-02-10T19:16:29 IST" name="setup" finished-at="2020-02-10T19:16:30 IST" duration-ms="324" status="PASS">
          <reporter-output>
          </reporter-output>
        </test-method> <!-- setup -->
        <test-method signature="login_Post()[pri:1, instance:com.api.qa.pages.RouterAPI@11a9e7c8]" started-at="2020-02-10T19:16:30 IST" name="login_Post" finished-at="2020-02-10T19:16:32 IST" duration-ms="2222" status="PASS">
          <reporter-output>
          </reporter-output>
        </test-method> <!-- login_Post -->
        <test-method is-config="true" signature="TearDown()[pri:0, instance:com.api.qa.pages.RouterAPI@11a9e7c8]" started-at="2020-02-10T19:16:32 IST" name="TearDown" finished-at="2020-02-10T19:16:32 IST" duration-ms="1" status="PASS">
          <reporter-output>
          </reporter-output>
        </test-method> <!-- TearDown -->
        <test-method is-config="true" signature="setup()[pri:0, instance:com.api.qa.pages.RouterAPI@11a9e7c8]" started-at="2020-02-10T19:16:32 IST" name="setup" finished-at="2020-02-10T19:16:32 IST" duration-ms="1" status="PASS">
          <reporter-output>
          </reporter-output>
        </test-method> <!-- setup -->
        <test-method signature="createContest_POST()[pri:2, instance:com.api.qa.pages.RouterAPI@11a9e7c8]" started-at="2020-02-10T19:16:32 IST" name="createContest_POST" finished-at="2020-02-10T19:16:34 IST" duration-ms="1518" status="PASS">
          <reporter-output>
          </reporter-output>
        </test-method> <!-- createContest_POST -->
        <test-method is-config="true" signature="TearDown()[pri:0, instance:com.api.qa.pages.RouterAPI@11a9e7c8]" started-at="2020-02-10T19:16:34 IST" name="TearDown" finished-at="2020-02-10T19:16:34 IST" duration-ms="0" status="PASS">
          <reporter-output>
          </reporter-output>
        </test-method> <!-- TearDown -->
        <test-method is-config="true" signature="setup()[pri:0, instance:com.api.qa.pages.RouterAPI@11a9e7c8]" started-at="2020-02-10T19:16:34 IST" name="setup" finished-at="2020-02-10T19:16:34 IST" duration-ms="1" status="PASS">
          <reporter-output>
          </reporter-output>
        </test-method> <!-- setup -->
        <test-method signature="updateContestAddRewardToContest_PUT()[pri:3, instance:com.api.qa.pages.RouterAPI@11a9e7c8]" started-at="2020-02-10T19:16:34 IST" name="updateContestAddRewardToContest_PUT" finished-at="2020-02-10T19:16:35 IST" duration-ms="1569" status="PASS">
          <reporter-output>
          </reporter-output>
        </test-method> <!-- updateContestAddRewardToContest_PUT -->
        <test-method is-config="true" signature="TearDown()[pri:0, instance:com.api.qa.pages.RouterAPI@11a9e7c8]" started-at="2020-02-10T19:16:35 IST" name="TearDown" finished-at="2020-02-10T19:16:35 IST" duration-ms="0" status="PASS">
          <reporter-output>
          </reporter-output>
        </test-method> <!-- TearDown -->
        <test-method is-config="true" signature="setup()[pri:0, instance:com.api.qa.pages.RouterAPI@11a9e7c8]" started-at="2020-02-10T19:16:35 IST" name="setup" finished-at="2020-02-10T19:16:35 IST" duration-ms="0" status="PASS">
          <reporter-output>
          </reporter-output>
        </test-method> <!-- setup -->
        <test-method signature="contestDetails_GET()[pri:4, instance:com.api.qa.pages.RouterAPI@11a9e7c8]" started-at="2020-02-10T19:16:35 IST" name="contestDetails_GET" finished-at="2020-02-10T19:16:37 IST" duration-ms="1582" status="PASS">
          <reporter-output>
          </reporter-output>
        </test-method> <!-- contestDetails_GET -->
        <test-method is-config="true" signature="TearDown()[pri:0, instance:com.api.qa.pages.RouterAPI@11a9e7c8]" started-at="2020-02-10T19:16:37 IST" name="TearDown" finished-at="2020-02-10T19:16:37 IST" duration-ms="0" status="PASS">
          <reporter-output>
          </reporter-output>
        </test-method> <!-- TearDown -->
        <test-method is-config="true" signature="setup()[pri:0, instance:com.api.qa.pages.RouterAPI@11a9e7c8]" started-at="2020-02-10T19:16:37 IST" name="setup" finished-at="2020-02-10T19:16:37 IST" duration-ms="0" status="PASS">
          <reporter-output>
          </reporter-output>
        </test-method> <!-- setup -->
        <test-method signature="updateContest_PUT()[pri:5, instance:com.api.qa.pages.RouterAPI@11a9e7c8]" started-at="2020-02-10T19:16:37 IST" name="updateContest_PUT" finished-at="2020-02-10T19:16:38 IST" duration-ms="1521" status="PASS">
          <reporter-output>
          </reporter-output>
        </test-method> <!-- updateContest_PUT -->
        <test-method is-config="true" signature="setup()[pri:0, instance:com.api.qa.pages.RouterAPI@11a9e7c8]" started-at="2020-02-10T19:16:38 IST" name="setup" finished-at="2020-02-10T19:16:38 IST" duration-ms="0" status="PASS">
          <reporter-output>
          </reporter-output>
        </test-method> <!-- setup -->
        <test-method is-config="true" signature="TearDown()[pri:0, instance:com.api.qa.pages.RouterAPI@11a9e7c8]" started-at="2020-02-10T19:16:38 IST" name="TearDown" finished-at="2020-02-10T19:16:38 IST" duration-ms="0" status="PASS">
          <reporter-output>
          </reporter-output>
        </test-method> <!-- TearDown -->
        <test-method signature="addGameToContest_POST()[pri:6, instance:com.api.qa.pages.RouterAPI@11a9e7c8]" started-at="2020-02-10T19:16:38 IST" name="addGameToContest_POST" finished-at="2020-02-10T19:16:40 IST" duration-ms="1505" status="PASS">
          <reporter-output>
          </reporter-output>
        </test-method> <!-- addGameToContest_POST -->
        <test-method is-config="true" signature="TearDown()[pri:0, instance:com.api.qa.pages.RouterAPI@11a9e7c8]" started-at="2020-02-10T19:16:40 IST" name="TearDown" finished-at="2020-02-10T19:16:40 IST" duration-ms="0" status="PASS">
          <reporter-output>
          </reporter-output>
        </test-method> <!-- TearDown -->
        <test-method is-config="true" signature="setup()[pri:0, instance:com.api.qa.pages.RouterAPI@11a9e7c8]" started-at="2020-02-10T19:16:40 IST" name="setup" finished-at="2020-02-10T19:16:40 IST" duration-ms="0" status="PASS">
          <reporter-output>
          </reporter-output>
        </test-method> <!-- setup -->
        <test-method signature="updateGameToContest_PUT()[pri:7, instance:com.api.qa.pages.RouterAPI@11a9e7c8]" started-at="2020-02-10T19:16:40 IST" name="updateGameToContest_PUT" finished-at="2020-02-10T19:16:41 IST" duration-ms="1515" status="PASS">
          <reporter-output>
          </reporter-output>
        </test-method> <!-- updateGameToContest_PUT -->
        <test-method is-config="true" signature="setup()[pri:0, instance:com.api.qa.pages.RouterAPI@11a9e7c8]" started-at="2020-02-10T19:16:41 IST" name="setup" finished-at="2020-02-10T19:16:41 IST" duration-ms="0" status="PASS">
          <reporter-output>
          </reporter-output>
        </test-method> <!-- setup -->
        <test-method is-config="true" signature="TearDown()[pri:0, instance:com.api.qa.pages.RouterAPI@11a9e7c8]" started-at="2020-02-10T19:16:41 IST" name="TearDown" finished-at="2020-02-10T19:16:41 IST" duration-ms="0" status="PASS">
          <reporter-output>
          </reporter-output>
        </test-method> <!-- TearDown -->
        <test-method signature="addAssignment_POST()[pri:8, instance:com.api.qa.pages.RouterAPI@11a9e7c8]" started-at="2020-02-10T19:16:41 IST" name="addAssignment_POST" finished-at="2020-02-10T19:16:43 IST" duration-ms="1569" status="PASS">
          <reporter-output>
          </reporter-output>
        </test-method> <!-- addAssignment_POST -->
        <test-method is-config="true" signature="TearDown()[pri:0, instance:com.api.qa.pages.RouterAPI@11a9e7c8]" started-at="2020-02-10T19:16:43 IST" name="TearDown" finished-at="2020-02-10T19:16:43 IST" duration-ms="0" status="PASS">
          <reporter-output>
          </reporter-output>
        </test-method> <!-- TearDown -->
        <test-method signature="publish_POST()[pri:9, instance:com.api.qa.pages.RouterAPI@11a9e7c8]" started-at="2020-02-10T19:16:43 IST" name="publish_POST" finished-at="2020-02-10T19:16:46 IST" duration-ms="3197" status="PASS">
          <reporter-output>
          </reporter-output>
        </test-method> <!-- publish_POST -->
        <test-method is-config="true" signature="setup()[pri:0, instance:com.api.qa.pages.RouterAPI@11a9e7c8]" started-at="2020-02-10T19:16:43 IST" name="setup" finished-at="2020-02-10T19:16:43 IST" duration-ms="0" status="PASS">
          <reporter-output>
          </reporter-output>
        </test-method> <!-- setup -->
        <test-method is-config="true" signature="TearDown()[pri:0, instance:com.api.qa.pages.RouterAPI@11a9e7c8]" started-at="2020-02-10T19:16:46 IST" name="TearDown" finished-at="2020-02-10T19:16:46 IST" duration-ms="0" status="PASS">
          <reporter-output>
          </reporter-output>
        </test-method> <!-- TearDown -->
        <test-method is-config="true" signature="setup()[pri:0, instance:com.api.qa.pages.RouterAPI@11a9e7c8]" started-at="2020-02-10T19:16:46 IST" name="setup" finished-at="2020-02-10T19:16:46 IST" duration-ms="0" status="PASS">
          <reporter-output>
          </reporter-output>
        </test-method> <!-- setup -->
        <test-method signature="contest_DELETE()[pri:10, instance:com.api.qa.pages.RouterAPI@11a9e7c8]" started-at="2020-02-10T19:16:46 IST" name="contest_DELETE" finished-at="2020-02-10T19:16:49 IST" duration-ms="2950" status="PASS">
          <reporter-output>
          </reporter-output>
        </test-method> <!-- contest_DELETE -->
        <test-method is-config="true" signature="TearDown()[pri:0, instance:com.api.qa.pages.RouterAPI@11a9e7c8]" started-at="2020-02-10T19:16:49 IST" name="TearDown" finished-at="2020-02-10T19:16:49 IST" duration-ms="2" status="PASS">
          <reporter-output>
          </reporter-output>
        </test-method> <!-- TearDown -->
      </class> <!-- com.api.qa.pages.RouterAPI -->
    </test> <!-- Tests -->
  </suite> <!-- TestNG -->
</testng-results>
