<?xml version="1.0" encoding="UTF-8"?>
<!-- Generated by org.testng.reporters.JUnitXMLReporter -->
<testsuite ignored="0" hostname="IN-WKS-100" failures="0" tests="10" name="Tests" time="19.568" errors="0" timestamp="2020-02-10T19:16:49 IST">
  <testcase classname="com.api.qa.pages.RouterAPI" name="login_Post" time="2.222"/>
  <testcase classname="com.api.qa.pages.RouterAPI" name="createContest_POST" time="1.518"/>
  <testcase classname="com.api.qa.pages.RouterAPI" name="updateContestAddRewardToContest_PUT" time="1.569"/>
  <testcase classname="com.api.qa.pages.RouterAPI" name="contestDetails_GET" time="1.582"/>
  <testcase classname="com.api.qa.pages.RouterAPI" name="updateContest_PUT" time="1.521"/>
  <testcase classname="com.api.qa.pages.RouterAPI" name="addGameToContest_POST" time="1.505"/>
  <testcase classname="com.api.qa.pages.RouterAPI" name="updateGameToContest_PUT" time="1.515"/>
  <testcase classname="com.api.qa.pages.RouterAPI" name="addAssignment_POST" time="1.569"/>
  <testcase classname="com.api.qa.pages.RouterAPI" name="publish_POST" time="3.197"/>
  <testcase classname="com.api.qa.pages.RouterAPI" name="contest_DELETE" time="2.95"/>
</testsuite> <!-- Tests -->
