<?xml version="1.0" encoding="UTF-8"?>
<!-- Generated by org.testng.reporters.JUnitXMLReporter -->
<testsuite ignored="0" hostname="IN-WKS-100" failures="0" tests="10" name="Tests" time="19.582" errors="0" timestamp="2020-02-27T19:45:29 IST">
  <testcase classname="com.api.qa.pages.RouterAPI" name="login_Post" time="2.343"/>
  <testcase classname="com.api.qa.pages.RouterAPI" name="createContest_POST" time="1.495"/>
  <testcase classname="com.api.qa.pages.RouterAPI" name="updateContestAddRewardToContest_PUT" time="1.463"/>
  <testcase classname="com.api.qa.pages.RouterAPI" name="contestDetails_GET" time="1.499"/>
  <testcase classname="com.api.qa.pages.RouterAPI" name="updateContest_PUT" time="1.534"/>
  <testcase classname="com.api.qa.pages.RouterAPI" name="addGameToContest_POST" time="1.448"/>
  <testcase classname="com.api.qa.pages.RouterAPI" name="updateGameToContest_PUT" time="1.455"/>
  <testcase classname="com.api.qa.pages.RouterAPI" name="addAssignment_POST" time="1.594"/>
  <testcase classname="com.api.qa.pages.RouterAPI" name="publish_POST" time="3.152"/>
  <testcase classname="com.api.qa.pages.RouterAPI" name="contest_DELETE" time="3.086"/>
</testsuite> <!-- Tests -->
